<?xml version="1.0" encoding="UTF-8"?>
<testsuite name="CrawlerTest" tests="11" skipped="0" failures="0" errors="0" timestamp="2018-01-11T18:42:34" hostname="Alexandrus-MacBook-Pro.local" time="0.888">
  <properties/>
  <testcase name="convertMapWithBookToObject" classname="CrawlerTest" time="0.002"/>
  <testcase name="createActionFindBook" classname="CrawlerTest" time="0.0"/>
  <testcase name="getAllDocuments_not_working_link" classname="CrawlerTest" time="0.031"/>
  <testcase name="createActionFindMovie" classname="CrawlerTest" time="0.0"/>
  <testcase name="getAllDocuments_not_a_url" classname="CrawlerTest" time="0.001"/>
  <testcase name="findBook" classname="CrawlerTest" time="0.217"/>
  <testcase name="findMovie" classname="CrawlerTest" time="0.218"/>
  <testcase name="findMusic" classname="CrawlerTest" time="0.079"/>
  <testcase name="documentToMap_book_from_link" classname="CrawlerTest" time="0.004"/>
  <testcase name="getAllDocuments_link_with_links_inside" classname="CrawlerTest" time="0.198"/>
  <testcase name="getAllDocumentsFromWebsite" classname="CrawlerTest" time="0.119"/>
  <system-out><![CDATA[count 64 depth 11
count 123 depth 13
count 74 depth 11
{Artist=Ludwig van Beethoven, Category=Music, Format=CD, Year=2012, Genre=Clasical}
{Category=Books, Format=Ebook, Year=2008, ISBN=978-0132350884, Authors=Robert C. Martin, Genre=Tech, Publisher=Prentice Hall}
{Category=Books, Format=Audio, Year=2011, ISBN=007-6092046981, Authors=Robert C. Martin, Genre=Tech, Publisher=Prentice Hall}
{Category=Books, Format=Paperback, Year=1994, ISBN=978-0201633610, Authors=Erich Gamma, Richard Helm, Ralph Johnson, John Vlissides, Genre=Tech, Publisher=Prentice Hall}
{Artist=Elvis Presley, Category=Music, Format=Vinyl, Year=2015, Genre=Rock}
{Category=Movies, Format=DVD, Year=1994, Writers=Winston Groom, Eric Roth, Stars=Tom Hanks, Rebecca Williams, Sally Field, Michael Conner Humphreys, Director=Robert Zemeckis, Genre=Drama}
{Category=Movies, Format=Blu-ray, Year=2001, Writers=J.R.R. Tolkien, Fran Walsh, Philippa Boyens, Peter Jackson, Stars=Ron Livingston, Jennifer Aniston, David Herman, Ajay Naidu, Diedrich Bader, Stephen Root, Director=Peter Jackson, Genre=Drama}
{Artist=Garth Brooks, Category=Music, Format=Cassette, Year=1990, Genre=Country}
{Category=Movies, Format=Blu-ray, Year=1999, Writers=William Goldman, Stars=Ron Livingston, Jennifer Aniston, David Herman, Ajay Naidu, Diedrich Bader, Stephen Root, Director=Mike Judge, Genre=Comedy}
{Category=Movies, Format=DVD, Year=1987, Writers=William Goldman, Stars=Cary Elwes, Mandy Patinkin, Robin Wright, Chris Sarandon, Christopher Guest, Wallace Shawn, AndrÃ© the Giant, Fred Savage, Peter Falk, Billy Crystal, Director=Rob Reiner, Genre=Comedy}
{Category=Books, Format=Hardcover, Year=1999, ISBN=978-0201485677, Authors=Martin Fowler, Kent Beck, John Brant, William Opdyke, Don Roberts, Genre=Tech, Publisher=Addison-Wesley Professional}
{Artist=Nat King Cole, Category=Music, Format=MP3, Year=2008, Genre=Jaz}
]]></system-out>
  <system-err><![CDATA[]]></system-err>
</testsuite>
