<?xml version="1.0" encoding="UTF-8"?>
<testsuite name="CrawlerTest" tests="39" skipped="0" failures="0" errors="0" timestamp="2018-01-12T14:43:46" hostname="Laptop-Dasha" time="3.004">
  <properties/>
  <testcase name="convertMapWithBookToObject[Book data]" classname="CrawlerTest" time="0.02"/>
  <testcase name="createActionFindBook[Book data]" classname="CrawlerTest" time="0.001"/>
  <testcase name="testBookFound[Book data]" classname="CrawlerTest" time="0.219"/>
  <testcase name="getAllDocuments_not_working_link[Book data]" classname="CrawlerTest" time="0.036"/>
  <testcase name="createActionFindMovie[Book data]" classname="CrawlerTest" time="0.0"/>
  <testcase name="getAllDocuments_not_a_url[Book data]" classname="CrawlerTest" time="0.0"/>
  <testcase name="findBook[Book data]" classname="CrawlerTest" time="0.087"/>
  <testcase name="findMovie[Book data]" classname="CrawlerTest" time="0.137"/>
  <testcase name="findMusic[Book data]" classname="CrawlerTest" time="0.102"/>
  <testcase name="findMusicFail[Book data]" classname="CrawlerTest" time="0.23"/>
  <testcase name="documentToMap_book_from_link[Book data]" classname="CrawlerTest" time="0.006"/>
  <testcase name="getAllDocuments_link_with_links_inside[Book data]" classname="CrawlerTest" time="0.163"/>
  <testcase name="getAllDocumentsFromWebsite[Book data]" classname="CrawlerTest" time="0.141"/>
  <testcase name="convertMapWithBookToObject[Book data]" classname="CrawlerTest" time="0.0"/>
  <testcase name="createActionFindBook[Book data]" classname="CrawlerTest" time="0.0"/>
  <testcase name="testBookFound[Book data]" classname="CrawlerTest" time="0.087"/>
  <testcase name="getAllDocuments_not_working_link[Book data]" classname="CrawlerTest" time="0.0"/>
  <testcase name="createActionFindMovie[Book data]" classname="CrawlerTest" time="0.0"/>
  <testcase name="getAllDocuments_not_a_url[Book data]" classname="CrawlerTest" time="0.0"/>
  <testcase name="findBook[Book data]" classname="CrawlerTest" time="0.074"/>
  <testcase name="findMovie[Book data]" classname="CrawlerTest" time="0.16"/>
  <testcase name="findMusic[Book data]" classname="CrawlerTest" time="0.126"/>
  <testcase name="findMusicFail[Book data]" classname="CrawlerTest" time="0.193"/>
  <testcase name="documentToMap_book_from_link[Book data]" classname="CrawlerTest" time="0.007"/>
  <testcase name="getAllDocuments_link_with_links_inside[Book data]" classname="CrawlerTest" time="0.163"/>
  <testcase name="getAllDocumentsFromWebsite[Book data]" classname="CrawlerTest" time="0.194"/>
  <testcase name="convertMapWithBookToObject[Book data]" classname="CrawlerTest" time="0.001"/>
  <testcase name="createActionFindBook[Book data]" classname="CrawlerTest" time="0.0"/>
  <testcase name="testBookFound[Book data]" classname="CrawlerTest" time="0.072"/>
  <testcase name="getAllDocuments_not_working_link[Book data]" classname="CrawlerTest" time="0.0"/>
  <testcase name="createActionFindMovie[Book data]" classname="CrawlerTest" time="0.0"/>
  <testcase name="getAllDocuments_not_a_url[Book data]" classname="CrawlerTest" time="0.0"/>
  <testcase name="findBook[Book data]" classname="CrawlerTest" time="0.078"/>
  <testcase name="findMovie[Book data]" classname="CrawlerTest" time="0.141"/>
  <testcase name="findMusic[Book data]" classname="CrawlerTest" time="0.07"/>
  <testcase name="findMusicFail[Book data]" classname="CrawlerTest" time="0.127"/>
  <testcase name="documentToMap_book_from_link[Book data]" classname="CrawlerTest" time="0.011"/>
  <testcase name="getAllDocuments_link_with_links_inside[Book data]" classname="CrawlerTest" time="0.172"/>
  <testcase name="getAllDocumentsFromWebsite[Book data]" classname="CrawlerTest" time="0.173"/>
  <system-out><![CDATA[count 64 depth 11
count 123 depth 13
count 74 depth 11
{Artist=Ludwig van Beethoven, Category=Music, Format=CD, Year=2012, Genre=Clasical}
{Category=Books, Format=Ebook, Year=2008, ISBN=978-0132350884, Authors=Robert C. Martin, Genre=Tech, Publisher=Prentice Hall}
{Category=Books, Format=Audio, Year=2011, ISBN=007-6092046981, Authors=Robert C. Martin, Genre=Tech, Publisher=Prentice Hall}
{Category=Books, Format=Paperback, Year=1994, ISBN=978-0201633610, Authors=Erich Gamma, Richard Helm, Ralph Johnson, John Vlissides, Genre=Tech, Publisher=Prentice Hall}
{Artist=Elvis Presley, Category=Music, Format=Vinyl, Year=2015, Genre=Rock}
{Category=Movies, Format=DVD, Year=1994, Writers=Winston Groom, Eric Roth, Stars=Tom Hanks, Rebecca Williams, Sally Field, Michael Conner Humphreys, Director=Robert Zemeckis, Genre=Drama}
{Category=Movies, Format=Blu-ray, Year=2001, Writers=J.R.R. Tolkien, Fran Walsh, Philippa Boyens, Peter Jackson, Stars=Ron Livingston, Jennifer Aniston, David Herman, Ajay Naidu, Diedrich Bader, Stephen Root, Director=Peter Jackson, Genre=Drama}
{Artist=Garth Brooks, Category=Music, Format=Cassette, Year=1990, Genre=Country}
{Category=Movies, Format=Blu-ray, Year=1999, Writers=William Goldman, Stars=Ron Livingston, Jennifer Aniston, David Herman, Ajay Naidu, Diedrich Bader, Stephen Root, Director=Mike Judge, Genre=Comedy}
{Category=Movies, Format=DVD, Year=1987, Writers=William Goldman, Stars=Cary Elwes, Mandy Patinkin, Robin Wright, Chris Sarandon, Christopher Guest, Wallace Shawn, AndrÃ© the Giant, Fred Savage, Peter Falk, Billy Crystal, Director=Rob Reiner, Genre=Comedy}
{Category=Books, Format=Hardcover, Year=1999, ISBN=978-0201485677, Authors=Martin Fowler, Kent Beck, John Brant, William Opdyke, Don Roberts, Genre=Tech, Publisher=Addison-Wesley Professional}
{Artist=Nat King Cole, Category=Music, Format=MP3, Year=2008, Genre=Jaz}
count 64 depth 11
count 123 depth 13
count 74 depth 11
{Artist=Ludwig van Beethoven, Category=Music, Format=CD, Year=2012, Genre=Clasical}
{Category=Books, Format=Ebook, Year=2008, ISBN=978-0132350884, Authors=Robert C. Martin, Genre=Tech, Publisher=Prentice Hall}
{Category=Books, Format=Audio, Year=2011, ISBN=007-6092046981, Authors=Robert C. Martin, Genre=Tech, Publisher=Prentice Hall}
{Category=Books, Format=Paperback, Year=1994, ISBN=978-0201633610, Authors=Erich Gamma, Richard Helm, Ralph Johnson, John Vlissides, Genre=Tech, Publisher=Prentice Hall}
{Artist=Elvis Presley, Category=Music, Format=Vinyl, Year=2015, Genre=Rock}
{Category=Movies, Format=DVD, Year=1994, Writers=Winston Groom, Eric Roth, Stars=Tom Hanks, Rebecca Williams, Sally Field, Michael Conner Humphreys, Director=Robert Zemeckis, Genre=Drama}
{Category=Movies, Format=Blu-ray, Year=2001, Writers=J.R.R. Tolkien, Fran Walsh, Philippa Boyens, Peter Jackson, Stars=Ron Livingston, Jennifer Aniston, David Herman, Ajay Naidu, Diedrich Bader, Stephen Root, Director=Peter Jackson, Genre=Drama}
{Artist=Garth Brooks, Category=Music, Format=Cassette, Year=1990, Genre=Country}
{Category=Movies, Format=Blu-ray, Year=1999, Writers=William Goldman, Stars=Ron Livingston, Jennifer Aniston, David Herman, Ajay Naidu, Diedrich Bader, Stephen Root, Director=Mike Judge, Genre=Comedy}
{Category=Movies, Format=DVD, Year=1987, Writers=William Goldman, Stars=Cary Elwes, Mandy Patinkin, Robin Wright, Chris Sarandon, Christopher Guest, Wallace Shawn, AndrÃ© the Giant, Fred Savage, Peter Falk, Billy Crystal, Director=Rob Reiner, Genre=Comedy}
{Category=Books, Format=Hardcover, Year=1999, ISBN=978-0201485677, Authors=Martin Fowler, Kent Beck, John Brant, William Opdyke, Don Roberts, Genre=Tech, Publisher=Addison-Wesley Professional}
{Artist=Nat King Cole, Category=Music, Format=MP3, Year=2008, Genre=Jaz}
count 64 depth 11
count 123 depth 13
count 74 depth 11
{Artist=Ludwig van Beethoven, Category=Music, Format=CD, Year=2012, Genre=Clasical}
{Category=Books, Format=Ebook, Year=2008, ISBN=978-0132350884, Authors=Robert C. Martin, Genre=Tech, Publisher=Prentice Hall}
{Category=Books, Format=Audio, Year=2011, ISBN=007-6092046981, Authors=Robert C. Martin, Genre=Tech, Publisher=Prentice Hall}
{Category=Books, Format=Paperback, Year=1994, ISBN=978-0201633610, Authors=Erich Gamma, Richard Helm, Ralph Johnson, John Vlissides, Genre=Tech, Publisher=Prentice Hall}
{Artist=Elvis Presley, Category=Music, Format=Vinyl, Year=2015, Genre=Rock}
{Category=Movies, Format=DVD, Year=1994, Writers=Winston Groom, Eric Roth, Stars=Tom Hanks, Rebecca Williams, Sally Field, Michael Conner Humphreys, Director=Robert Zemeckis, Genre=Drama}
{Category=Movies, Format=Blu-ray, Year=2001, Writers=J.R.R. Tolkien, Fran Walsh, Philippa Boyens, Peter Jackson, Stars=Ron Livingston, Jennifer Aniston, David Herman, Ajay Naidu, Diedrich Bader, Stephen Root, Director=Peter Jackson, Genre=Drama}
{Artist=Garth Brooks, Category=Music, Format=Cassette, Year=1990, Genre=Country}
{Category=Movies, Format=Blu-ray, Year=1999, Writers=William Goldman, Stars=Ron Livingston, Jennifer Aniston, David Herman, Ajay Naidu, Diedrich Bader, Stephen Root, Director=Mike Judge, Genre=Comedy}
{Category=Movies, Format=DVD, Year=1987, Writers=William Goldman, Stars=Cary Elwes, Mandy Patinkin, Robin Wright, Chris Sarandon, Christopher Guest, Wallace Shawn, AndrÃ© the Giant, Fred Savage, Peter Falk, Billy Crystal, Director=Rob Reiner, Genre=Comedy}
{Category=Books, Format=Hardcover, Year=1999, ISBN=978-0201485677, Authors=Martin Fowler, Kent Beck, John Brant, William Opdyke, Don Roberts, Genre=Tech, Publisher=Addison-Wesley Professional}
{Artist=Nat King Cole, Category=Music, Format=MP3, Year=2008, Genre=Jaz}
]]></system-out>
  <system-err><![CDATA[]]></system-err>
</testsuite>
